90.00 120.00
270.00 230.00
180.00 50.00
275.06 2023.03
275.06 -1.00
275.06 -1.00
274.68 1904.69
111.14 4173.48
111.14 -1.00
83.20 811.83
187.07 459.37
187.07 -1.00
101.52 2910.81
101.52 -1.00
333.00 2467.66
22.18 1095.67
22.18 -1.00
199.70 1040.21
14.20 48.57
261.95 633.20
7.22 289.45
7.22 -1.00
292.84 2707.45
292.84 -1.00
241.05 639.42
268.45 616.09
294.91 540.69
53.12 2594.36
53.12 -1.00
313.61 291.66
187.49 544.91
277.58 1087.96
277.58 -1.00
277.58 -1.00
355.64 1943.61
188.27 821.52
188.27 -1.00
188.27 -1.00
194.92 3955.86
20.35 669.92
20.35 -1.00
169.99 2898.60
169.99 -1.00
311.44 1678.80
311.44 -1.00
244.28 465.83
126.13 1029.86
126.13 -1.00
244.32 667.58
218.84 208.53
163.04 238.01
120.54 882.23
101.07 905.19
161.33 811.80
161.33 -1.00
192.05 1070.77
192.05 -1.00
4.35 1372.07
4.35 -1.00
257.47 1093.47
257.47 -1.00
66.19 2902.30
66.19 -1.00
178.73 5845.07
87.07 1238.94
87.07 -1.00
283.14 805.95
90.44 489.32
268.77 7.87
50.71 763.56
43.72 587.02
287.02 1597.77
10.41 820.53
12.39 1320.79
12.39 -1.00
12.39 -1.00
79.85 1153.65
79.85 -1.00
128.41 1909.25
217.13 16.27
41.01 469.48
303.92 54.48
132.94 372.16
166.06 1880.86
166.06 -1.00
73.37 325.90
238.73 68.71
225.85 4809.52
225.85 -1.00
225.85 -1.00
81.29 2318.79
186.23 522.51
96.35 871.79
330.47 2107.74
330.47 -1.00
331.40 2042.85
331.40 -1.00
345.83 185.83
319.72 260.29
319.72 -1.00
334.15 1540.13
334.15 -1.00
109.97 1152.54
18.72 732.65
15.19 1050.19
118.09 2371.01
118.09 -1.00
356.31 645.56
357.11 740.92
357.11 -1.00
274.15 2200.24
274.15 -1.00
31.15 721.54
275.30 1081.78
83.73 4192.83
83.45 905.60
27.59 1532.25
60.78 909.63
229.97 82.61
96.43 1160.70
213.93 481.30
347.92 1176.02
119.11 9344.61
238.63 331.22
43.11 89.29
43.11 -1.00
196.11 1386.23
237.67 610.26
17.58 289.04
223.07 1166.37
223.07 -1.00
223.07 -1.00
87.14 3632.29
267.35 235.07
46.78 179.28
46.78 -1.00
312.37 1387.66
124.18 2015.67
124.18 -1.00
124.18 -1.00
61.47 1570.83
219.51 2270.06
11.93 6939.34
98.86 200.88
336.06 400.38
316.25 402.24
200.47 782.26
167.60 1978.08
167.60 -1.00
226.42 761.44
358.01 364.18
358.01 -1.00
348.64 3708.83
256.02 292.51
149.71 634.92
145.86 98.44
337.07 1057.81
337.07 -1.00
313.05 2291.84
286.70 2043.31
286.70 -1.00
220.20 743.38
127.79 1243.74
127.79 -1.00
251.79 2444.28
251.79 -1.00
280.92 1808.78
140.03 992.00
140.03 -1.00
176.90 494.06
162.69 687.37
107.22 3082.11
107.22 -1.00
146.05 1367.20
146.05 -1.00
79.19 384.17
248.04 56.55
248.04 -1.00
356.46 1032.38
232.98 1732.69
232.98 -1.00
201.80 63.61
28.72 613.10
28.72 -1.00
225.46 2930.14
318.39 2805.90
318.39 -1.00
318.39 -1.00
34.79 2829.42
126.87 1451.20
126.87 -1.00
126.87 -1.00
269.27 1415.38
273.35 1921.19
273.35 -1.00
40.72 1200.68
53.00 769.87
53.00 -1.00
282.67 206.86
171.14 520.51
171.14 -1.00
123.05 295.02
2.30 755.19
