23.1
20.5
49.8
22.1
9.3
22
64.5
7.4
86.5
154.7
108
8.4
95.8
108
22.4
4.8
101.3
119.9
25.4
64.1
0.1
97.1
81.8
125.2
8.5
33
25.2
1.9
114.4
32.5
117.3
6
2.9
26.4
56.7
73.5
0.9
62.9
155.8
78.4
82.7
51.5
106.7
51.9
138.7
26.2
88.8
40.8
8.2
81.7
34.4
48
66.3
156.3
72.3
30.2
2.3
17.8
34.5
145.9
37.5
77.6
147.6
142.1
29.5
40.5
42
23.5
0.3
113.8
15.5
48.3
86.1
11.2
10.4
14.2
53.2
95.6
69.2
70.8
48.2
31.4
29.2
17.3
7.3
12.5
32.6
60.9
15.9
29.3
199.7
24.3
22
136.2
55.3
82
9.7
135.5
74.6
33
7.70
6.83
16.60
3.68
9.30
11.00
5.86
3.70
9.61
17.19
15.43
4.20
6.84
15.43
22.40
4.80
14.47
17.13
4.23
6.41
0.10
16.18
10.23
9.63
8.50
3.00
12.60
1.90
57.20
5.42
7.33
6.00
2.90
3.77
9.45
18.38
0.90
7.86
12.98
15.68
27.57
7.36
10.67
7.41
7.30
6.55
6.83
8.16
8.20
6.81
3.82
6.00
33.15
9.77
8.03
15.10
2.30
3.56
8.62
11.22
12.50
7.05
14.76
17.76
4.92
8.10
21.00
11.75
0.30
12.64
15.50
8.05
7.17
5.60
3.47
14.20
17.73
47.80
13.84
23.60
48.20
7.85
7.30
5.77
3.65
4.17
5.43
10.15
15.90
14.65
15.36
12.15
7.33
17.02
13.82
41.00
3.23
12.32
12.43
33.00
